Build started 12/19/2013 3:16:45 AM.
     1>Project "E:\School\graphics\TileEngine\Tile Engine\TileEngine\TileEngine.vcxproj" on node 2 (Build target(s)).
     1>InitializeBuildStatus:
         Creating "Debug\TileEngine.unsuccessfulbuild" because "AlwaysCreate" was specified.
       ClCompile:
         C:\Program Files (x86)\Microsoft Visual Studio 11.0\VC\bin\CL.exe /c /ZI /nologo /W3 /WX- /Od /Oy- /D _MBCS /Gm /EHsc /RTC1 /MDd /GS /fp:precise /Zc:wchar_t /Zc:forScope /Fo"Debug\\" /Fd"Debug\vc110.pdb" /Gd /TP /analyze- /errorReport:prompt TileEngine.cpp
         TileEngine.cpp
     1>e:\school\graphics\tileengine\tile engine\tileengine\tileengine.cpp(69): warning C4018: '<' : signed/unsigned mismatch
     1>e:\school\graphics\tileengine\tile engine\tileengine\tileengine.cpp(70): warning C4018: '<' : signed/unsigned mismatch
       Link:
         C:\Program Files (x86)\Microsoft Visual Studio 11.0\VC\bin\link.exe /ERRORREPORT:PROMPT /OUT:"E:\School\graphics\TileEngine\Tile Engine\Debug\TileEngine.exe" /INCREMENTAL /NOLOGO SDL.lib SDLmain.lib kernel32.lib user32.lib gdi32.lib winspool.lib comdlg32.lib advapi32.lib shell32.lib ole32.lib oleaut32.lib uuid.lib odbc32.lib odbccp32.lib /MANIFEST /MANIFESTUAC:"level='asInvoker' uiAccess='false'" /manifest:embed /DEBUG /PDB:"E:\School\graphics\TileEngine\Tile Engine\Debug\TileEngine.pdb" /SUBSYSTEM:CONSOLE /TLBID:1 /DYNAMICBASE /NXCOMPAT /IMPLIB:"E:\School\graphics\TileEngine\Tile Engine\Debug\TileEngine.lib" /MACHINE:X86 Debug\main.obj
         Debug\player.obj
         Debug\TileEngine.obj
         TileEngine.vcxproj -> E:\School\graphics\TileEngine\Tile Engine\Debug\TileEngine.exe
       FinalizeBuildStatus:
         Deleting file "Debug\TileEngine.unsuccessfulbuild".
         Touching "Debug\TileEngine.lastbuildstate".
     1>Done Building Project "E:\School\graphics\TileEngine\Tile Engine\TileEngine\TileEngine.vcxproj" (Build target(s)).

Build succeeded.

Time Elapsed 00:00:01.00
