Build started 12/19/2013 2:00:44 AM.
     1>Project "E:\School\graphics\TileEngine\Tile Engine\MapEditor\MapEditor.vcxproj" on node 2 (Rebuild target(s)).
     1>_PrepareForClean:
         Deleting file "Debug\MapEditor.lastbuildstate".
       InitializeBuildStatus:
         Creating "Debug\MapEditor.unsuccessfulbuild" because "AlwaysCreate" was specified.
       ClCompile:
         C:\Program Files (x86)\Microsoft Visual Studio 11.0\VC\bin\CL.exe /c /ZI /nologo /W3 /WX- /Od /Oy- /D _MBCS /Gm /EHsc /RTC1 /MDd /GS /fp:precise /Zc:wchar_t /Zc:forScope /Fo"Debug\\" /Fd"Debug\vc110.pdb" /Gd /TP /analyze- /errorReport:prompt C:\Users\Ricky\Desktop\Project3\Project3\Project3\Main.cpp C:\Users\Ricky\Desktop\Project3\Project3\Project3\MapEditor.cpp
         MapEditor.cpp
     1>c:\users\ricky\desktop\project3\project3\project3\mapeditor.cpp(158): warning C4018: '>' : signed/unsigned mismatch
     1>c:\users\ricky\desktop\project3\project3\project3\mapeditor.cpp(167): warning C4018: '<' : signed/unsigned mismatch
     1>c:\users\ricky\desktop\project3\project3\project3\mapeditor.cpp(169): warning C4018: '<' : signed/unsigned mismatch
     1>c:\users\ricky\desktop\project3\project3\project3\mapeditor.cpp(183): warning C4996: 'sprintf': This function or variable may be unsafe. Consider using sprintf_s instead. To disable deprecation, use _CRT_SECURE_NO_WARNINGS. See online help for details.
                 c:\program files (x86)\microsoft visual studio 11.0\vc\include\stdio.h(357) : see declaration of 'sprintf'
     1>c:\users\ricky\desktop\project3\project3\project3\mapeditor.cpp(184): warning C4996: 'strcat': This function or variable may be unsafe. Consider using strcat_s instead. To disable deprecation, use _CRT_SECURE_NO_WARNINGS. See online help for details.
                 c:\program files (x86)\microsoft visual studio 11.0\vc\include\string.h(115) : see declaration of 'strcat'
     1>c:\users\ricky\desktop\project3\project3\project3\mapeditor.cpp(187): warning C4018: '<' : signed/unsigned mismatch
     1>c:\users\ricky\desktop\project3\project3\project3\mapeditor.cpp(189): warning C4018: '<' : signed/unsigned mismatch
         Main.cpp
         Generating Code...
       Link:
         C:\Program Files (x86)\Microsoft Visual Studio 11.0\VC\bin\link.exe /ERRORREPORT:PROMPT /OUT:"E:\School\graphics\TileEngine\Tile Engine\Debug\MapEditor.exe" /INCREMENTAL /NOLOGO SDL.lib SDLmain.lib kernel32.lib user32.lib gdi32.lib winspool.lib comdlg32.lib advapi32.lib shell32.lib ole32.lib oleaut32.lib uuid.lib odbc32.lib odbccp32.lib /MANIFEST /MANIFESTUAC:"level='asInvoker' uiAccess='false'" /manifest:embed /DEBUG /PDB:"E:\School\graphics\TileEngine\Tile Engine\Debug\MapEditor.pdb" /SUBSYSTEM:CONSOLE /TLBID:1 /DYNAMICBASE /NXCOMPAT /IMPLIB:"E:\School\graphics\TileEngine\Tile Engine\Debug\MapEditor.lib" /MACHINE:X86 Debug\Main.obj
         Debug\MapEditor.obj
     1>MSVCRTD.lib(cinitexe.obj) : warning LNK4098: defaultlib 'msvcrt.lib' conflicts with use of other libs; use /NODEFAULTLIB:library
         MapEditor.vcxproj -> E:\School\graphics\TileEngine\Tile Engine\Debug\MapEditor.exe
       FinalizeBuildStatus:
         Deleting file "Debug\MapEditor.unsuccessfulbuild".
         Touching "Debug\MapEditor.lastbuildstate".
     1>Done Building Project "E:\School\graphics\TileEngine\Tile Engine\MapEditor\MapEditor.vcxproj" (Rebuild target(s)).

Build succeeded.

Time Elapsed 00:00:02.18
