E:\SCHOOL\GRAPHICS\TILEENGINE\TILE ENGINE\MAPEDITOR\DEBUG\MAIN.OBJ
E:\SCHOOL\GRAPHICS\TILEENGINE\TILE ENGINE\MAPEDITOR\DEBUG\MAPEDITOR.OBJ
E:\SCHOOL\GRAPHICS\TILEENGINE\TILE ENGINE\MAPEDITOR\DEBUG\VC110.PDB
E:\SCHOOL\GRAPHICS\TILEENGINE\TILE ENGINE\DEBUG\MAPEDITOR.ILK
E:\SCHOOL\GRAPHICS\TILEENGINE\TILE ENGINE\DEBUG\MAPEDITOR.EXE
E:\SCHOOL\GRAPHICS\TILEENGINE\TILE ENGINE\DEBUG\MAPEDITOR.PDB
E:\School\graphics\TileEngine\Tile Engine\MapEditor\Debug\Main.obj
E:\School\graphics\TileEngine\Tile Engine\MapEditor\Debug\MapEditor.obj
E:\School\graphics\TileEngine\Tile Engine\MapEditor\Debug\cl.command.1.tlog
E:\School\graphics\TileEngine\Tile Engine\MapEditor\Debug\CL.read.1.tlog
E:\School\graphics\TileEngine\Tile Engine\MapEditor\Debug\CL.write.1.tlog
E:\School\graphics\TileEngine\Tile Engine\MapEditor\Debug\link-cvtres.read.1.tlog
E:\School\graphics\TileEngine\Tile Engine\MapEditor\Debug\link-cvtres.write.1.tlog
E:\School\graphics\TileEngine\Tile Engine\MapEditor\Debug\link-rc.read.1.tlog
E:\School\graphics\TileEngine\Tile Engine\MapEditor\Debug\link-rc.write.1.tlog
E:\School\graphics\TileEngine\Tile Engine\MapEditor\Debug\link.command.1.tlog
E:\School\graphics\TileEngine\Tile Engine\MapEditor\Debug\link.read.1.tlog
E:\School\graphics\TileEngine\Tile Engine\MapEditor\Debug\link.write.1.tlog
E:\School\graphics\TileEngine\Tile Engine\MapEditor\Debug\vc110.idb
E:\School\graphics\TileEngine\Tile Engine\MapEditor\Debug\vc110.pdb
E:\School\graphics\TileEngine\Tile Engine\Debug\MapEditor.pdb
E:\School\graphics\TileEngine\Tile Engine\Debug\MapEditor.exe
E:\School\graphics\TileEngine\Tile Engine\Debug\MapEditor.ilk
